0 info it worked if it ends with ok
1 verbose cli [
1 verbose cli   'C:\\Program Files\\nodejs\\node.exe',
1 verbose cli   'C:\\Program Files\\nodejs\\node_modules\\npm\\bin\\npm-cli.js',
1 verbose cli   'run',
1 verbose cli   'development'
1 verbose cli ]
2 info using npm@6.14.15
3 info using node@v14.18.0
4 verbose run-script [ 'predevelopment', 'development', 'postdevelopment' ]
5 info lifecycle @~predevelopment: @
6 info lifecycle @~development: @
7 verbose lifecycle @~development: unsafe-perm in lifecycle true
8 verbose lifecycle @~development: PATH: C:\Program Files\nodejs\node_modules\npm\node_modules\npm-lifecycle\node-gyp-bin;C:\xampp\htdocs\importantDates\node_modules\.bin;C:\Program Files\nodejs\node_modules\npm\node_modules\npm-lifecycle\node-gyp-bin;C:\xampp\htdocs\importantDates\node_modules\.bin;C:\Windows\system32;C:\Windows;C:\Windows\System32\Wbem;C:\Windows\System32\WindowsPowerShell\v1.0\;C:\Windows\System32\OpenSSH\;C:\Program Files\nodejs\;C:\composer;C:\Program Files\Git\cmd;C:\Users\Omar Badr\AppData\Local\Microsoft\WindowsApps;C:\Users\Omar Badr\AppData\Local\Programs\Microsoft VS Code\bin;C:\xampp\php;C:\Users\Omar Badr\AppData\Roaming\npm;C:\Users\Omar Badr\AppData\Roaming\Composer\vendor\bin
9 verbose lifecycle @~development: CWD: C:\xampp\htdocs\importantDates
10 silly lifecycle @~development: Args: [ '/d /s /c', 'mix' ]
11 silly lifecycle @~development: Returned: code: 2  signal: null
12 info lifecycle @~development: Failed to exec development script
13 verbose stack Error: @ development: `mix`
13 verbose stack Exit status 2
13 verbose stack     at EventEmitter.<anonymous> (C:\Program Files\nodejs\node_modules\npm\node_modules\npm-lifecycle\index.js:332:16)
13 verbose stack     at EventEmitter.emit (events.js:400:28)
13 verbose stack     at ChildProcess.<anonymous> (C:\Program Files\nodejs\node_modules\npm\node_modules\npm-lifecycle\lib\spawn.js:55:14)
13 verbose stack     at ChildProcess.emit (events.js:400:28)
13 verbose stack     at maybeClose (internal/child_process.js:1058:16)
13 verbose stack     at Process.ChildProcess._handle.onexit (internal/child_process.js:293:5)
14 verbose pkgid @
15 verbose cwd C:\xampp\htdocs\importantDates
16 verbose Windows_NT 10.0.19043
17 verbose argv "C:\\Program Files\\nodejs\\node.exe" "C:\\Program Files\\nodejs\\node_modules\\npm\\bin\\npm-cli.js" "run" "development"
18 verbose node v14.18.0
19 verbose npm  v6.14.15
20 error code ELIFECYCLE
21 error errno 2
22 error @ development: `mix`
22 error Exit status 2
23 error Failed at the @ development script.
23 error This is probably not a problem with npm. There is likely additional logging output above.
24 verbose exit [ 2, true ]
